<?xml version="1.0" encoding="UTF-8"?>
<!-- Generated by org.testng.reporters.JUnitReportReporter -->
<testsuite hostname="DESKTOP-PM9V0CS" failures="0" tests="1" name="com.vytrack.tests.components.activites.DateAndTimeTest" time="17.644" errors="0" timestamp="24 Feb 2020 18:02:11 GMT" skipped="0">
  <testcase classname="com.vytrack.tests.components.activites.DateAndTimeTest" name="EndDateAutoAdjustTest" time="17.644"/>
</testsuite> <!-- com.vytrack.tests.components.activites.DateAndTimeTest -->
