<?xml version="1.0" encoding="UTF-8"?>
<!-- Generated by org.testng.reporters.JUnitReportReporter -->
<testsuite hostname="DESKTOP-PM9V0CS" failures="0" tests="3" name="com.vytrack.tests.components.login_navigation.LoginTestPositive" time="98.018" errors="0" timestamp="24 Feb 2020 18:02:11 GMT" skipped="0">
  <testcase classname="com.vytrack.tests.components.login_navigation.LoginTestPositive" name="LogInStoreManagerTest" time="33.673"/>
  <testcase classname="com.vytrack.tests.components.login_navigation.LoginTestPositive" name="LogInSalesManagerTest" time="35.837"/>
  <testcase classname="com.vytrack.tests.components.login_navigation.LoginTestPositive" name="LogInDriverTest" time="28.508"/>
</testsuite> <!-- com.vytrack.tests.components.login_navigation.LoginTestPositive -->
