<?xml version="1.0" encoding="UTF-8"?>
<!-- Generated by org.testng.reporters.JUnitReportReporter -->
<testsuite hostname="DESKTOP-PM9V0CS" failures="0" tests="1" name="com.vytrack.tests.components.login_navigation.LoginTestPositive" time="85.040" errors="0" timestamp="02 Aug 2019 04:40:26 GMT" skipped="0">
  <testcase classname="com.vytrack.tests.components.login_navigation.LoginTestPositive" name="LogInTest" time="85.040"/>
</testsuite> <!-- com.vytrack.tests.components.login_navigation.LoginTestPositive -->
